android/app/build/intermediates/manifest_merge_blame_file/debug/manifest-merger-blame-debug-report.txt
1<?xml version="1.0" encoding="utf-8"?>
2<manifest xmlns:android="http://schemas.android.com/apk/res/android"
3    package="com.proxymit.react.template"
4    android:versionCode="1"
5    android:versionName="1.0" >
6
7    <uses-sdk
8        android:minSdkVersion="16"
9        android:targetSdkVersion="29" />
10
11    <uses-permission android:name="android.permission.SYSTEM_ALERT_WINDOW" />
11-->src/debug/AndroidManifest.xml:5:5-77
11-->src/debug/AndroidManifest.xml:5:22-75
12    <uses-permission android:name="android.permission.INTERNET" />
12-->src/main/AndroidManifest.xml:4:5-67
12-->src/main/AndroidManifest.xml:4:22-64
13    <uses-permission android:name="android.permission.ACCESS_WIFI_STATE" />
13-->[com.facebook.flipper:flipper:0.37.0] AndroidManifest.xml:16:5-76
13-->[com.facebook.flipper:flipper:0.37.0] AndroidManifest.xml:16:22-73
14
15    <application
15-->src/main/AndroidManifest.xml:6:5-26:19
16        android:name="com.template.MainApplication"
16-->src/main/AndroidManifest.xml:7:7-38
17        android:allowBackup="false"
17-->src/main/AndroidManifest.xml:11:7-34
18        android:appComponentFactory="androidx.core.app.CoreComponentFactory"
18-->[androidx.core:core:1.1.0] AndroidManifest.xml:24:18-86
19        android:debuggable="true"
20        android:icon="@mipmap/ic_launcher"
20-->src/main/AndroidManifest.xml:9:7-41
21        android:label="@string/app_name"
21-->src/main/AndroidManifest.xml:8:7-39
22        android:roundIcon="@mipmap/ic_launcher_round"
22-->src/main/AndroidManifest.xml:10:7-52
23        android:supportsRtl="true"
23-->src/main/AndroidManifest.xml:12:7-33
24        android:testOnly="true"
25        android:theme="@style/AppTheme"
25-->src/main/AndroidManifest.xml:13:7-38
26        android:usesCleartextTraffic="true" >
26-->src/debug/AndroidManifest.xml:7:18-53
27        <activity
27-->src/main/AndroidManifest.xml:14:7-24:18
28            android:name="com.template.MainActivity"
28-->src/main/AndroidManifest.xml:15:9-37
29            android:configChanges="keyboard|keyboardHidden|orientation|screenSize|uiMode"
29-->src/main/AndroidManifest.xml:17:9-86
30            android:label="@string/app_name"
30-->src/main/AndroidManifest.xml:16:9-41
31            android:launchMode="singleTask"
31-->src/main/AndroidManifest.xml:18:9-40
32            android:windowSoftInputMode="adjustResize" >
32-->src/main/AndroidManifest.xml:19:9-51
33            <intent-filter>
33-->src/main/AndroidManifest.xml:20:9-23:25
34                <action android:name="android.intent.action.MAIN" />
34-->src/main/AndroidManifest.xml:21:13-65
34-->src/main/AndroidManifest.xml:21:21-62
35
36                <category android:name="android.intent.category.LAUNCHER" />
36-->src/main/AndroidManifest.xml:22:13-73
36-->src/main/AndroidManifest.xml:22:23-70
37            </intent-filter>
38        </activity>
39        <activity android:name="com.facebook.react.devsupport.DevSettingsActivity" />
39-->src/main/AndroidManifest.xml:25:7-84
39-->src/main/AndroidManifest.xml:25:17-81
40    </application>
41
42</manifest>